<?xml version="1.0" encoding="UTF-8"?>
<!-- Generated by org.testng.reporters.JUnitXMLReporter -->
<testsuite hostname="SBLR-LT-E143" failures="1" tests="2" name="Test" time="208.013" errors="0" timestamp="27 Jul 2022 12:33:47 GMT">
  <testcase classname="Nytro.Media.AppTest" name="login" time="8.229"/>
  <testcase classname="Nytro.Media.AppTest" name="mediafiles" time="196.899">
    <failure type="java.lang.IndexOutOfBoundsException" message="Index 5 out of bounds for length 5">
      <![CDATA[java.lang.IndexOutOfBoundsException: Index 5 out of bounds for length 5
	at java.base/jdk.internal.util.Preconditions.outOfBounds(Preconditions.java:64)
	at java.base/jdk.internal.util.Preconditions.outOfBoundsCheckIndex(Preconditions.java:70)
	at java.base/jdk.internal.util.Preconditions.checkIndex(Preconditions.java:266)
	at java.base/java.util.Objects.checkIndex(Objects.java:359)
	at java.base/java.util.ArrayList.get(ArrayList.java:427)
	at Nytro.Media.AppTest.mediafiles(AppTest.java:164)
... Removed 28 stack frames]]>
    </failure>
  </testcase> <!-- mediafiles -->
</testsuite> <!-- Test -->
